0 verbose cli /opt/homebrew/Cellar/node/25.8.0/bin/node /opt/homebrew/lib/node_modules/npm/bin/npm-cli.js
0 verbose cli /opt/homebrew/Cellar/node/25.8.0/bin/node /opt/homebrew/lib/node_modules/npm/bin/npm-cli.js
1 info using npm@11.11.0
1 info using npm@11.11.0
2 info using node@v25.8.0
2 info using node@v25.8.0
3 silly config load:file:/opt/homebrew/lib/node_modules/npm/npmrc
4 silly config load:file:/Users/simondurik/clawd/projects/entech-dashboard-v2/.npmrc
3 silly config load:file:/opt/homebrew/lib/node_modules/npm/npmrc
5 silly config load:file:/Users/simondurik/clawd/projects/entech-dashboard-v2/.tmp-home/.npmrc
6 silly config load:file:/opt/homebrew/etc/npmrc
4 silly config load:file:/Users/simondurik/clawd/projects/entech-dashboard-v2/.npmrc
5 silly config load:file:/Users/simondurik/clawd/projects/entech-dashboard-v2/.tmp-home/.npmrc
6 silly config load:file:/opt/homebrew/etc/npmrc
7 verbose title npm exec gitnexus context CustomerReferencePageContent
7 verbose title npm exec gitnexus query customer reference part mapping modal internal part number bom dropdown
8 verbose argv "exec" "--" "gitnexus" "context" "CustomerReferencePageContent"
9 verbose logfile logs-max:10 dir:/Users/simondurik/clawd/projects/entech-dashboard-v2/.tmp-home/.npm/_logs/2026-03-11T13_14_48_756Z-
8 verbose argv "exec" "--" "gitnexus" "query" "customer reference part mapping modal internal part number bom dropdown"
10 verbose logfile /Users/simondurik/clawd/projects/entech-dashboard-v2/.tmp-home/.npm/_logs/2026-03-11T13_14_48_756Z-debug-0.log
9 verbose logfile logs-max:10 dir:/Users/simondurik/clawd/projects/entech-dashboard-v2/.tmp-home/.npm/_logs/2026-03-11T13_14_48_756Z-
10 verbose logfile /Users/simondurik/clawd/projects/entech-dashboard-v2/.tmp-home/.npm/_logs/2026-03-11T13_14_48_756Z-debug-0.log
11 silly logfile done cleaning log files
11 silly logfile done cleaning log files
12 verbose cwd /Users/simondurik/clawd/projects/entech-dashboard-v2
12 verbose cwd /Users/simondurik/clawd/projects/entech-dashboard-v2
13 verbose os Darwin 25.2.0
13 verbose os Darwin 25.2.0
14 verbose node v25.8.0
14 verbose node v25.8.0
15 verbose npm  v11.11.0
15 verbose npm  v11.11.0
16 verbose exit 1
17 verbose code 1
16 verbose exit 1
17 verbose code 1
